<?xml version="1.0" encoding="UTF-8"?>
<!-- Generated by org.testng.reporters.JUnitXMLReporter -->
<testsuite ignored="0" hostname="DESKTOP-88K81C0" failures="0" tests="3" name="untitled" time="5.28" errors="0" timestamp="2024-10-15T18:11:02 EEST">
  <testcase classname="TestCases" name="verifyGetMethod" time="4.581"/>
  <testcase classname="TestCases" name="verifyPostMethod" time="0.296"/>
  <testcase classname="TestCases" name="verifySuccessfulDeleteMethod" time="0.273"/>
</testsuite> <!-- untitled -->
