<?xml version="1.0" encoding="UTF-8"?>
<testng-results ignored="0" total="0" passed="0" failed="0" skipped="0">
  <reporter-output>
  </reporter-output>
  <suite started-at="2024-10-15T11:59:38 EEST" name="Surefire suite" finished-at="2024-10-15T11:59:39 EEST" duration-ms="709">
    <groups>
    </groups>
    <test started-at="2024-10-15T11:59:38 EEST" name="Surefire test" finished-at="2024-10-15T11:59:39 EEST" duration-ms="709">
    </test> <!-- Surefire test -->
  </suite> <!-- Surefire suite -->
</testng-results>
